<?xml version="1.0" encoding="UTF-8"?>
<!-- Generated by org.testng.reporters.JUnitXMLReporter -->
<testsuite ignored="0" hostname="Ashishs-MacBook-Pro.local" failures="0" tests="4" name="Default test" time="20.375" errors="0" timestamp="21 Mar 2019 02:29:06 GMT">
  <testcase classname="com.TestCases.LoginPageTest" name="VerifyLogoofThePage" time="0.044"/>
  <testcase classname="com.TestCases.LoginPageTest" name="VerifyTitleofThePage" time="0.009"/>
  <testcase classname="com.TestCases.LoginPageTest" name="VerifyErrorMessageWithInvalidunpw" time="5.945"/>
  <testcase classname="com.TestCases.LoginPageTest" name="VerifyLoginPage" time="1.558"/>
</testsuite> <!-- Default test -->
