<?xml version="1.0" encoding="UTF-8"?>
<!-- Generated by org.testng.reporters.JUnitXMLReporter -->
<testsuite ignored="0" hostname="Ashishs-MacBook-Pro.local" failures="0" tests="4" name="TechFios Test Case" time="19.114" errors="0" timestamp="19 Mar 2019 02:56:15 GMT">
  <testcase classname="com.TestCases.LoginPageTest" name="VerifyLogoofThePage" time="0.044"/>
  <testcase classname="com.TestCases.LoginPageTest" name="VerifyTitleofThePage" time="0.006"/>
  <testcase classname="com.TestCases.LoginPageTest" name="VerifyErrorMessageWithInvalidunpw" time="6.125"/>
  <testcase classname="com.TestCases.LoginPageTest" name="VerifyLoginPage" time="1.513"/>
</testsuite> <!-- TechFios Test Case -->
